  main.cpp
P:\GraphicsStarter\Graphics\Graphics\main.cpp(28,20): warning C4305: 'initializing': truncation from 'double' to 'float'
P:\GraphicsStarter\Graphics\Graphics\main.cpp(28,24): warning C4305: 'initializing': truncation from 'double' to 'float'
P:\GraphicsStarter\Graphics\Graphics\main.cpp(28,28): warning C4305: 'initializing': truncation from 'double' to 'float'
P:\GraphicsStarter\Graphics\Graphics\main.cpp(29,21): warning C4305: 'initializing': truncation from 'double' to 'float'
P:\GraphicsStarter\Graphics\Graphics\main.cpp(29,25): warning C4305: 'initializing': truncation from 'double' to 'float'
P:\GraphicsStarter\Graphics\Graphics\main.cpp(29,29): warning C4305: 'initializing': truncation from 'double' to 'float'
P:\GraphicsStarter\Graphics\Graphics\main.cpp(30,21): warning C4305: 'initializing': truncation from 'double' to 'float'
P:\GraphicsStarter\Graphics\Graphics\main.cpp(30,25): warning C4305: 'initializing': truncation from 'double' to 'float'
P:\GraphicsStarter\Graphics\Graphics\main.cpp(30,29): warning C4305: 'initializing': truncation from 'double' to 'float'
P:\GraphicsStarter\Graphics\Graphics\main.cpp(31,20): warning C4305: 'initializing': truncation from 'double' to 'float'
P:\GraphicsStarter\Graphics\Graphics\main.cpp(31,26): warning C4305: 'initializing': truncation from 'double' to 'float'
P:\GraphicsStarter\Graphics\Graphics\main.cpp(34,20): warning C4305: 'initializing': truncation from 'double' to 'float'
P:\GraphicsStarter\Graphics\Graphics\main.cpp(34,24): warning C4305: 'initializing': truncation from 'double' to 'float'
P:\GraphicsStarter\Graphics\Graphics\main.cpp(34,28): warning C4305: 'initializing': truncation from 'double' to 'float'
P:\GraphicsStarter\Graphics\Graphics\main.cpp(35,21): warning C4305: 'initializing': truncation from 'double' to 'float'
P:\GraphicsStarter\Graphics\Graphics\main.cpp(35,25): warning C4305: 'initializing': truncation from 'double' to 'float'
P:\GraphicsStarter\Graphics\Graphics\main.cpp(36,21): warning C4305: 'initializing': truncation from 'double' to 'float'
P:\GraphicsStarter\Graphics\Graphics\main.cpp(36,25): warning C4305: 'initializing': truncation from 'double' to 'float'
P:\GraphicsStarter\Graphics\Graphics\main.cpp(36,29): warning C4305: 'initializing': truncation from 'double' to 'float'
P:\GraphicsStarter\Graphics\Graphics\main.cpp(37,21): warning C4305: 'initializing': truncation from 'double' to 'float'
P:\GraphicsStarter\Graphics\Graphics\main.cpp(37,28): warning C4305: 'initializing': truncation from 'double' to 'float'
P:\GraphicsStarter\Graphics\Graphics\main.cpp(40,20): warning C4305: 'initializing': truncation from 'double' to 'float'
P:\GraphicsStarter\Graphics\Graphics\main.cpp(40,25): warning C4305: 'initializing': truncation from 'double' to 'float'
P:\GraphicsStarter\Graphics\Graphics\main.cpp(40,30): warning C4305: 'initializing': truncation from 'double' to 'float'
P:\GraphicsStarter\Graphics\Graphics\main.cpp(41,21): warning C4305: 'initializing': truncation from 'double' to 'float'
P:\GraphicsStarter\Graphics\Graphics\main.cpp(41,26): warning C4305: 'initializing': truncation from 'double' to 'float'
P:\GraphicsStarter\Graphics\Graphics\main.cpp(41,31): warning C4305: 'initializing': truncation from 'double' to 'float'
P:\GraphicsStarter\Graphics\Graphics\main.cpp(42,21): warning C4305: 'initializing': truncation from 'double' to 'float'
P:\GraphicsStarter\Graphics\Graphics\main.cpp(42,26): warning C4305: 'initializing': truncation from 'double' to 'float'
P:\GraphicsStarter\Graphics\Graphics\main.cpp(42,31): warning C4305: 'initializing': truncation from 'double' to 'float'
P:\GraphicsStarter\Graphics\Graphics\main.cpp(45,20): warning C4305: 'initializing': truncation from 'double' to 'float'
P:\GraphicsStarter\Graphics\Graphics\main.cpp(45,24): warning C4305: 'initializing': truncation from 'double' to 'float'
P:\GraphicsStarter\Graphics\Graphics\main.cpp(45,28): warning C4305: 'initializing': truncation from 'double' to 'float'
P:\GraphicsStarter\Graphics\Graphics\main.cpp(46,21): warning C4305: 'initializing': truncation from 'double' to 'float'
P:\GraphicsStarter\Graphics\Graphics\main.cpp(46,25): warning C4305: 'initializing': truncation from 'double' to 'float'
P:\GraphicsStarter\Graphics\Graphics\main.cpp(46,29): warning C4305: 'initializing': truncation from 'double' to 'float'
P:\GraphicsStarter\Graphics\Graphics\main.cpp(47,21): warning C4305: 'initializing': truncation from 'double' to 'float'
P:\GraphicsStarter\Graphics\Graphics\main.cpp(47,25): warning C4305: 'initializing': truncation from 'double' to 'float'
P:\GraphicsStarter\Graphics\Graphics\main.cpp(47,29): warning C4305: 'initializing': truncation from 'double' to 'float'
P:\GraphicsStarter\Graphics\Graphics\main.cpp(50,20): warning C4305: 'initializing': truncation from 'double' to 'float'
P:\GraphicsStarter\Graphics\Graphics\main.cpp(50,24): warning C4305: 'initializing': truncation from 'double' to 'float'
P:\GraphicsStarter\Graphics\Graphics\main.cpp(50,28): warning C4305: 'initializing': truncation from 'double' to 'float'
P:\GraphicsStarter\Graphics\Graphics\main.cpp(51,21): warning C4305: 'initializing': truncation from 'double' to 'float'
P:\GraphicsStarter\Graphics\Graphics\main.cpp(51,25): warning C4305: 'initializing': truncation from 'double' to 'float'
P:\GraphicsStarter\Graphics\Graphics\main.cpp(51,29): warning C4305: 'initializing': truncation from 'double' to 'float'
P:\GraphicsStarter\Graphics\Graphics\main.cpp(57,20): warning C4305: 'argument': truncation from 'double' to 'GLclampf'
P:\GraphicsStarter\Graphics\Graphics\main.cpp(57,15): warning C4305: 'argument': truncation from 'double' to 'GLclampf'
P:\GraphicsStarter\Graphics\Graphics\main.cpp(59,12): warning C4244: 'argument': conversion from 'time_t' to 'unsigned int', possible loss of data
P:\GraphicsStarter\Graphics\Graphics\main.cpp(582,13): warning C4244: 'initializing': conversion from 'double' to 'int', possible loss of data
P:\GraphicsStarter\Graphics\Graphics\main.cpp(589,13): warning C4244: 'initializing': conversion from 'double' to 'int', possible loss of data
P:\GraphicsStarter\Graphics\Graphics\main.cpp(611,9): warning C4101: 'j': unreferenced local variable
P:\GraphicsStarter\Graphics\Graphics\main.cpp(611,6): warning C4101: 'i': unreferenced local variable
P:\GraphicsStarter\Graphics\Graphics\main.cpp(653,1): warning C4326: return type of 'main' should be 'int' instead of 'void'
  Graphics.vcxproj -> P:\GraphicsStarter\Graphics\Debug\Graphics.exe
